<?xml version="1.0" encoding="UTF-8"?>
<!-- Generated by org.testng.reporters.JUnitXMLReporter -->
<testsuite ignored="0" hostname="administrator-ThinkPad-E14-Gen-4" failures="7" tests="12" name="Test App Tests" time="12.109" errors="0" timestamp="2025-12-11T11:02:23 IST">
  <testcase classname="com.test.org.tests.TestAppTest" name="testLoginWithMissingEmail" time="0.941">
    <failure type="java.lang.AssertionError" message="Status message should indicate missing credentials expected [Missing credentials] but found [Login successful]">
      <![CDATA[java.lang.AssertionError: Status message should indicate missing credentials expected [Missing credentials] but found [Login successful]
at com.test.org.tests.TestAppTest.testLoginWithMissingEmail(TestAppTest.java:58)
at java.base/java.util.concurrent.Executors$RunnableAdapter.call(Executors.java:572)
at java.base/java.util.concurrent.FutureTask.run(FutureTask.java:317)
at java.base/java.util.concurrent.ThreadPoolExecutor.runWorker(ThreadPoolExecutor.java:1144)
at java.base/java.util.concurrent.ThreadPoolExecutor$Worker.run(ThreadPoolExecutor.java:642)
at java.base/java.lang.Thread.run(Thread.java:1583)
... Removed 16 stack frames]]>
    </failure>
  </testcase> <!-- testLoginWithMissingEmail -->
  <testcase classname="com.test.org.tests.TestAppTest" name="testLoginWithMissingPassword" time="0.944">
    <failure type="java.lang.AssertionError" message="Status message should indicate missing credentials expected [Missing credentials] but found [Login successful]">
      <![CDATA[java.lang.AssertionError: Status message should indicate missing credentials expected [Missing credentials] but found [Login successful]
at com.test.org.tests.TestAppTest.testLoginWithMissingPassword(TestAppTest.java:74)
at java.base/java.util.concurrent.Executors$RunnableAdapter.call(Executors.java:572)
at java.base/java.util.concurrent.FutureTask.run(FutureTask.java:317)
at java.base/java.util.concurrent.ThreadPoolExecutor.runWorker(ThreadPoolExecutor.java:1144)
at java.base/java.util.concurrent.ThreadPoolExecutor$Worker.run(ThreadPoolExecutor.java:642)
at java.base/java.lang.Thread.run(Thread.java:1583)
... Removed 16 stack frames]]>
    </failure>
  </testcase> <!-- testLoginWithMissingPassword -->
  <testcase classname="com.test.org.tests.TestAppTest" name="testSuccessfulLogin" time="1.079"/>
  <testcase classname="com.test.org.tests.TestAppTest" name="testDropdownSelectOption2" time="0.681"/>
  <testcase classname="com.test.org.tests.TestAppTest" name="testDropdownSelectOption1" time="0.857">
    <failure type="java.lang.AssertionError" message="Status message should show opt1 was submitted expected [true] but found [false]">
      <![CDATA[java.lang.AssertionError: Status message should show opt1 was submitted expected [true] but found [false]
at com.test.org.tests.TestAppTest.testDropdownSelectOption1(TestAppTest.java:104)
at java.base/java.util.concurrent.Executors$RunnableAdapter.call(Executors.java:572)
at java.base/java.util.concurrent.FutureTask.run(FutureTask.java:317)
at java.base/java.util.concurrent.ThreadPoolExecutor.runWorker(ThreadPoolExecutor.java:1144)
at java.base/java.util.concurrent.ThreadPoolExecutor$Worker.run(ThreadPoolExecutor.java:642)
at java.base/java.lang.Thread.run(Thread.java:1583)
... Removed 14 stack frames]]>
    </failure>
  </testcase> <!-- testDropdownSelectOption1 -->
  <testcase classname="com.test.org.tests.TestAppTest" name="testLoginWithMissingCredentials" time="0.969">
    <failure type="java.lang.AssertionError" message="Login should fail with missing credentials expected [true] but found [false]">
      <![CDATA[java.lang.AssertionError: Login should fail with missing credentials expected [true] but found [false]
at com.test.org.tests.TestAppTest.testLoginWithMissingCredentials(TestAppTest.java:87)
at java.base/java.util.concurrent.Executors$RunnableAdapter.call(Executors.java:572)
at java.base/java.util.concurrent.FutureTask.run(FutureTask.java:317)
at java.base/java.util.concurrent.ThreadPoolExecutor.runWorker(ThreadPoolExecutor.java:1144)
at java.base/java.util.concurrent.ThreadPoolExecutor$Worker.run(ThreadPoolExecutor.java:642)
at java.base/java.lang.Thread.run(Thread.java:1583)
... Removed 14 stack frames]]>
    </failure>
  </testcase> <!-- testLoginWithMissingCredentials -->
  <testcase classname="com.test.org.tests.TestAppTest" name="testDropdownSelectByText" time="0.643">
    <failure type="java.lang.AssertionError" message="Selected option should be &amp;apos;Option 1&amp;apos; expected [Option 1] but found [Select Option]">
      <![CDATA[java.lang.AssertionError: Selected option should be 'Option 1' expected [Option 1] but found [Select Option]
at com.test.org.tests.TestAppTest.testDropdownSelectByText(TestAppTest.java:143)
at java.base/java.util.concurrent.Executors$RunnableAdapter.call(Executors.java:572)
at java.base/java.util.concurrent.FutureTask.run(FutureTask.java:317)
at java.base/java.util.concurrent.ThreadPoolExecutor.runWorker(ThreadPoolExecutor.java:1144)
at java.base/java.util.concurrent.ThreadPoolExecutor$Worker.run(ThreadPoolExecutor.java:642)
at java.base/java.lang.Thread.run(Thread.java:1583)
... Removed 16 stack frames]]>
    </failure>
  </testcase> <!-- testDropdownSelectByText -->
  <testcase classname="com.test.org.tests.TestAppTest" name="testStatusMessageDisplayedAfterLogin" time="0.832"/>
  <testcase classname="com.test.org.tests.TestAppTest" name="testDropdownSubmitWithoutSelection" time="1.051">
    <failure type="java.lang.AssertionError" message="Status message should prompt to select an option expected [Select an option] but found [Login successful]">
      <![CDATA[java.lang.AssertionError: Status message should prompt to select an option expected [Select an option] but found [Login successful]
at com.test.org.tests.TestAppTest.testDropdownSubmitWithoutSelection(TestAppTest.java:130)
at java.base/java.util.concurrent.Executors$RunnableAdapter.call(Executors.java:572)
at java.base/java.util.concurrent.FutureTask.run(FutureTask.java:317)
at java.base/java.util.concurrent.ThreadPoolExecutor.runWorker(ThreadPoolExecutor.java:1144)
at java.base/java.util.concurrent.ThreadPoolExecutor$Worker.run(ThreadPoolExecutor.java:642)
at java.base/java.lang.Thread.run(Thread.java:1583)
... Removed 16 stack frames]]>
    </failure>
  </testcase> <!-- testDropdownSubmitWithoutSelection -->
  <testcase classname="com.test.org.tests.TestAppTest" name="testPageTitle" time="0.026"/>
  <testcase classname="com.test.org.tests.TestAppTest" name="testStatusMessageDisplayedAfterSubmit" time="0.393">
    <failure type="java.lang.AssertionError" message="Status message should be displayed after submit expected [true] but found [false]">
      <![CDATA[java.lang.AssertionError: Status message should be displayed after submit expected [true] but found [false]
at com.test.org.tests.TestAppTest.testStatusMessageDisplayedAfterSubmit(TestAppTest.java:171)
at java.base/java.util.concurrent.Executors$RunnableAdapter.call(Executors.java:572)
at java.base/java.util.concurrent.FutureTask.run(FutureTask.java:317)
at java.base/java.util.concurrent.ThreadPoolExecutor.runWorker(ThreadPoolExecutor.java:1144)
at java.base/java.util.concurrent.ThreadPoolExecutor$Worker.run(ThreadPoolExecutor.java:642)
at java.base/java.lang.Thread.run(Thread.java:1583)
... Removed 14 stack frames]]>
    </failure>
  </testcase> <!-- testStatusMessageDisplayedAfterSubmit -->
  <testcase classname="com.test.org.tests.TestAppTest" name="testLoginThenDropdownSubmit" time="0.933"/>
</testsuite> <!-- Test App Tests -->
